<?xml version="1.0" encoding="UTF-8"?>
<testng-results total="1" passed="1" failed="0" skipped="0">
  <reporter-output>
  </reporter-output>
  <suite started-at="2023-03-13T18:44:11Z" name="Default suite" finished-at="2023-03-13T18:44:12Z" duration-ms="508">
    <groups>
      <group name="cucumber">
        <method signature="AbstractTestNGCucumberTests.feature(cucumber.api.testng.CucumberFeatureWrapper)[pri:0, instance:Runner.Testrunner@4d1bf319]" name="feature" class="cucumber.api.testng.AbstractTestNGCucumberTests"/>
      </group> <!-- cucumber -->
    </groups>
    <test started-at="2023-03-13T18:44:11Z" name="Default test" finished-at="2023-03-13T18:44:12Z" duration-ms="508">
      <class name="Runner.Testrunner">
        <test-method is-config="true" signature="setUpClass()[pri:0, instance:Runner.Testrunner@4d1bf319]" started-at="2023-03-14T00:14:11Z" name="setUpClass" finished-at="2023-03-14T00:14:12Z" duration-ms="322" status="PASS">
          <reporter-output>
          </reporter-output>
        </test-method> <!-- setUpClass -->
        <test-method signature="feature(cucumber.api.testng.CucumberFeatureWrapper)[pri:0, instance:Runner.Testrunner@4d1bf319]" started-at="2023-03-14T00:14:12Z" name="feature" description="Runs Cucumber Feature" data-provider="features" finished-at="2023-03-14T00:14:12Z" duration-ms="21" status="PASS">
          <params>
            <param index="0">
              <value>
                <![CDATA[Verify that User Can able to login with valid UserId and Password also]]>
              </value>
            </param>
          </params>
          <reporter-output>
          </reporter-output>
        </test-method> <!-- feature -->
        <test-method is-config="true" signature="tearDownClass()[pri:0, instance:Runner.Testrunner@4d1bf319]" started-at="2023-03-14T00:14:12Z" name="tearDownClass" finished-at="2023-03-14T00:14:12Z" duration-ms="37" status="PASS">
          <reporter-output>
          </reporter-output>
        </test-method> <!-- tearDownClass -->
      </class> <!-- Runner.Testrunner -->
    </test> <!-- Default test -->
  </suite> <!-- Default suite -->
</testng-results>
